2021-01-05T00:56:48.758Z [my-bank-api] info: API Started!
2021-01-05T00:57:07.922Z [my-bank-api] info: API Started!
2021-01-05T00:57:11.789Z [my-bank-api] info: API Started!
2021-01-05T00:57:54.634Z [my-bank-api] info: API Started!
2021-01-05T00:57:58.255Z [my-bank-api] info: API Started!
2021-01-05T00:58:46.898Z [my-bank-api] info: API Started!
2021-01-05T00:58:53.793Z [my-bank-api] info: API Started!
2021-01-05T00:59:41.555Z [my-bank-api] info: API Started!
2021-01-05T00:59:43.165Z [my-bank-api] info: API Started!
2021-01-05T00:59:49.346Z [my-bank-api] info: API Started!
2021-01-05T01:00:15.046Z [my-bank-api] info: API Started!
2021-01-05T01:00:46.823Z [my-bank-api] info: API Started!
2021-01-05T01:00:48.922Z [my-bank-api] info: API Started!
2021-01-05T01:01:35.803Z [my-bank-api] info: API Started!
2021-01-05T01:01:37.016Z [my-bank-api] info: API Started!
2021-01-05T01:02:11.942Z [my-bank-api] info: API Started!
2021-01-05T01:02:34.487Z [my-bank-api] info: API Started!
2021-01-05T01:03:00.424Z [my-bank-api] info: API Started!
2021-01-05T01:04:45.731Z [my-bank-api] info: API Started and File Created!
2021-01-05T01:05:00.936Z [my-bank-api] info: POST /account - {"id":1,"name":"Alguém Marques","balance":1}
2021-01-05T01:05:05.903Z [my-bank-api] info: GET /account
2021-01-05T01:05:09.324Z [my-bank-api] info: GET /account [object Object]
2021-01-05T01:05:37.186Z [my-bank-api] info: API Started!
2021-01-05T01:05:40.371Z [my-bank-api] info: GET /account {"id":1,"name":"Alguém Marques","balance":1}
2021-01-05T01:23:40.913Z [my-bank-api] info: API Started!
2021-01-05T01:26:16.715Z [my-bank-api] info: API Started!
2021-01-05T01:29:29.508Z [my-bank-api] info: API Started!
2021-01-05T01:30:16.133Z [my-bank-api] info: API Started!
2021-01-05T01:30:41.913Z [my-bank-api] error: POST undefined - Name and Balance are required!
2021-01-05T01:30:51.312Z [my-bank-api] error: POST undefined - Name and Balance are required!
2021-01-05T01:31:09.310Z [my-bank-api] info: GET /account
2021-01-05T01:31:10.128Z [my-bank-api] info: GET /account
2021-01-05T01:31:10.711Z [my-bank-api] info: GET /account
2021-01-05T01:31:21.439Z [my-bank-api] info: POST /account - {"id":2,"name":"Someone Marques","balance":2000}
2021-01-05T01:33:48.385Z [my-bank-api] info: API Started!
2021-01-05T01:34:17.844Z [my-bank-api] info: API Started!
2021-01-05T01:34:31.229Z [my-bank-api] info: API Started!
2021-01-05T01:38:15.314Z [my-bank-api] info: API Started!
2021-01-05T01:39:19.962Z [my-bank-api] info: API Started!
2021-01-05T01:39:40.581Z [my-bank-api] info: API Started!
2021-01-05T01:39:44.522Z [my-bank-api] info: API Started!
2021-01-05T01:40:47.728Z [my-bank-api] info: API Started!
2021-01-05T01:41:08.104Z [my-bank-api] info: POST /account - {"id":3,"name":"Someonee Marques","balance":0}
2021-01-05T01:41:13.191Z [my-bank-api] info: DELETE /account/:id - 3
2021-01-05T01:41:15.056Z [my-bank-api] info: DELETE /account/:id - 3
2021-01-05T01:41:18.651Z [my-bank-api] info: GET /account
2021-01-05T01:41:32.027Z [my-bank-api] info: POST /account - {"id":4,"name":"Someonee Marques","balance":""}
2021-01-05T01:41:38.838Z [my-bank-api] info: GET /account
2021-01-05T01:43:07.852Z [my-bank-api] info: API Started!
2021-01-05T01:43:12.163Z [my-bank-api] info: API Started!
2021-01-05T01:43:13.751Z [my-bank-api] info: API Started!
2021-01-05T01:43:23.153Z [my-bank-api] info: DELETE /account/:id - 4
2021-01-05T01:43:25.598Z [my-bank-api] info: GET /account
2021-01-05T01:43:29.350Z [my-bank-api] error: POST undefined - Balance cannot be empty!
2021-01-05T01:43:41.081Z [my-bank-api] error: POST undefined - Name and Balance are required!
2021-01-05T01:43:49.805Z [my-bank-api] error: PUT undefined - Id, Name and Balance are required!
2021-01-05T01:44:11.219Z [my-bank-api] info: API Started!
2021-01-05T01:44:17.956Z [my-bank-api] info: API Started!
2021-01-05T01:44:26.805Z [my-bank-api] info: API Started!
2021-01-05T01:44:32.554Z [my-bank-api] error: PUT undefined - Balance cannot be empty!
2021-01-05T01:44:44.530Z [my-bank-api] error: PUT undefined - Register not found!
2021-01-05T01:45:24.781Z [my-bank-api] error: PATCH undefined - Balance cannot be empty!
2021-01-05T01:45:33.521Z [my-bank-api] error: PATCH undefined - Register not found!
2021-01-05T01:45:41.245Z [my-bank-api] error: PATCH undefined - Register not found!
2021-01-05T22:47:43.273Z [my-bank-api] info: API Started!
2021-01-05T22:47:49.363Z [my-bank-api] info: GET /account
2021-01-05T22:47:53.196Z [my-bank-api] info: GET /account
2021-01-05T22:48:07.562Z [my-bank-api] info: GET /account
2021-01-05T22:53:07.176Z [my-bank-api] info: GET /account
2021-01-05T22:54:39.288Z [my-bank-api] info: API Started!
2021-01-05T22:54:56.207Z [my-bank-api] info: API Started!
2021-01-05T22:55:26.814Z [my-bank-api] info: API Started!
2021-01-05T22:55:36.250Z [my-bank-api] info: API Started!
2021-01-05T22:55:41.886Z [my-bank-api] info: GET /account
2021-01-05T22:55:56.922Z [my-bank-api] info: API Started!
2021-01-05T22:56:12.734Z [my-bank-api] info: API Started!
2021-01-05T22:56:24.179Z [my-bank-api] info: GET /account
2021-01-05T22:56:24.681Z [my-bank-api] info: GET /account
2021-01-05T22:56:25.126Z [my-bank-api] info: GET /account
2021-01-05T22:56:25.316Z [my-bank-api] info: GET /account
2021-01-05T22:56:25.640Z [my-bank-api] info: GET /account
2021-01-05T22:56:25.764Z [my-bank-api] info: GET /account
2021-01-05T22:56:25.971Z [my-bank-api] info: GET /account
2021-01-05T22:56:41.629Z [my-bank-api] info: API Started!
2021-01-05T22:56:45.824Z [my-bank-api] info: GET /account
2021-01-05T22:56:46.368Z [my-bank-api] info: GET /account
2021-01-05T22:56:46.706Z [my-bank-api] info: GET /account
2021-01-05T22:56:47.005Z [my-bank-api] info: GET /account
2021-01-05T22:56:47.201Z [my-bank-api] info: GET /account
2021-01-05T22:56:58.785Z [my-bank-api] info: GET /account
2021-01-05T22:57:01.903Z [my-bank-api] info: GET /account
2021-01-05T22:57:16.812Z [my-bank-api] info: GET /account
2021-01-05T22:57:17.258Z [my-bank-api] info: GET /account
2021-01-05T22:58:16.125Z [my-bank-api] info: API Started!
2021-01-05T22:58:19.019Z [my-bank-api] info: API Started!
2021-01-05T22:58:54.078Z [my-bank-api] info: API Started!
2021-01-05T22:58:56.240Z [my-bank-api] info: GET /account
2021-01-05T22:58:56.382Z [my-bank-api] info: GET /account
2021-01-05T22:58:56.680Z [my-bank-api] info: GET /account
2021-01-05T22:59:08.210Z [my-bank-api] info: API Started!
2021-01-05T22:59:09.083Z [my-bank-api] info: API Started!
2021-01-05T22:59:18.324Z [my-bank-api] info: API Started!
2021-01-05T22:59:31.231Z [my-bank-api] info: GET /account
2021-01-05T22:59:31.408Z [my-bank-api] info: GET /account
2021-01-05T22:59:40.250Z [my-bank-api] info: API Started!
2021-01-05T22:59:54.895Z [my-bank-api] info: API Started!
2021-01-05T23:00:02.762Z [my-bank-api] info: API Started!
2021-01-05T23:00:03.888Z [my-bank-api] info: API Started!
2021-01-05T23:00:05.644Z [my-bank-api] info: GET /account
2021-01-05T23:00:05.854Z [my-bank-api] info: GET /account
2021-01-05T23:00:21.063Z [my-bank-api] info: GET /account {"id":1,"name":"Alguém Marques","balance":1}
2021-01-05T23:00:21.659Z [my-bank-api] info: GET /account {"id":1,"name":"Alguém Marques","balance":1}
2021-01-05T23:00:21.800Z [my-bank-api] info: GET /account {"id":1,"name":"Alguém Marques","balance":1}
2021-01-05T23:00:32.734Z [my-bank-api] info: API Started!
2021-01-05T23:00:36.352Z [my-bank-api] info: API Started!
2021-01-05T23:00:37.346Z [my-bank-api] info: GET /account {"id":1,"name":"Alguém Marques","balance":1}
2021-01-05T23:00:37.947Z [my-bank-api] info: GET /account {"id":1,"name":"Alguém Marques","balance":1}
2021-01-05T23:01:03.547Z [my-bank-api] info: API Started!
2021-01-05T23:01:08.694Z [my-bank-api] info: API Started!
2021-01-05T23:02:06.763Z [my-bank-api] info: API Started!
2021-01-05T23:04:44.910Z [my-bank-api] info: API Started!
2021-01-05T23:04:48.762Z [my-bank-api] info: API Started!
2021-01-05T23:04:58.502Z [my-bank-api] info: API Started!
